<?xml version="1.0" encoding="utf-8" standalone="no"?>
<!--This file represents the results of running a test suite-->
<test-results name="C:\gadev2\gamain\FlagUnitTests\FlagUnitTests.nunit" total="1" failures="1" not-run="0" date="2014-07-31" time="11:01:31">
  <environment nunit-version="2.4.2.0" clr-version="2.0.50727.5477" os-version="Microsoft Windows NT 6.1.7601 Service Pack 1" platform="Win32NT" cwd="C:\gadev2\gamain-20110901\FlagSolution\DLLReferences\NUnit 2.4.2\bin" machine-name="TH-CND0381F2J" user="tor.heskje" user-domain="TH-CND0381F2J" />
  <culture-info current-culture="en-GB" current-uiculture="en-US" />
  <test-suite name="C:\gadev2\gamain\FlagUnitTests\FlagUnitTests.nunit" success="False" time="1.173" asserts="0">
    <results>
      <test-suite name="C:\gadev2\gamain\FlagUnitTests\bin\Debug\FlagUnitTests.dll" success="False" time="1.169" asserts="0">
        <results>
          <test-suite name="FlagUnitTests" success="False" time="1.161" asserts="0">
            <results>
              <test-suite name="GetAllGARecordsWithinOwnerTest" success="False" time="1.126" asserts="0">
                <results>
                  <test-case name="FlagUnitTests.GetAllGARecordsWithinOwnerTest.GetAllGAHazardIdentificationRecordsWithinOwner" executed="True" success="False" time="1.117" asserts="0">
                    <failure>
                      <message><![CDATA[System.ArgumentNullException : Value cannot be null.
Parameter name: String]]></message>
                      <stack-trace><![CDATA[   at System.Number.StringToNumber(String str, NumberStyles options, NumberBuffer& number, NumberFormatInfo info, Boolean parseDecimal)
   at System.Number.ParseInt32(String s, NumberStyles style, NumberFormatInfo info)
   at System.Int32.Parse(String s)
   at GASystem.DataAccess.DataUtils.getCacheTimeout() in C:\gadev2\gamain\GASystem\DataAccess\DataUtils.cs:line 29
   at GASystem.DataAccess.Utils.DataCache.ValidateCache(DataCacheType cacheType) in C:\gadev2\gamain\GASystem\DataAccess\Utils\DataCache.cs:line 33
   at GASystem.DataAccess.ClassDb.GetClassByGADataClass(String DataClassName) in C:\gadev2\gamain\GASystem\DataAccess\ClassDb.cs:line 29
   at GASystem.AppUtils.ClassDefinition.GetClassDescriptionByGADataClass(String DataClassName) in C:\gadev2\gamain\GASystem\AppUtils\ClassDefinition.cs:line 48
   at GASystem.AppUtils.ClassDefinition.GetClassDescriptionByGADataClass(GADataClass DataClass) in C:\gadev2\gamain\GASystem\AppUtils\ClassDefinition.cs:line 27
   at GASystem.BusinessLayer.BusinessClass.GetManyToManyRecords(ArrayList ownerRecords) in C:\gadev2\gamain\GASystem\BusinessLayer\BusinessClass.cs:line 1034
   at GASystem.BusinessLayer.BusinessClass.GetAllRecordsFromGATableWithinOwnerAndLinkedRecords(GADataRecord Owner, DateTime StartDate, DateTime EndDate, String Filter) in C:\gadev2\gamain\GASystem\BusinessLayer\BusinessClass.cs:line 918
   at FlagUnitTests.GetAllGARecordsWithinOwnerTest.GetAllGAHazardIdentificationRecordsWithinOwner() in C:\gadev2\gamain\FlagUnitTests\DateTests\TestDateGenerator.cs:line 80
]]></stack-trace>
                    </failure>
                  </test-case>
                </results>
              </test-suite>
            </results>
          </test-suite>
        </results>
      </test-suite>
    </results>
  </test-suite>
</test-results>